[35m[Appium][39m Welcome to Appium v1.22.3
[35m[Appium][39m Non-default server args:
[35m[Appium][39m   port: 59778
[35m[Appium][39m   loglevel: info
[35m[Appium][39m   tmpDir: C:\Users\ADMINI~1\AppData\Local\Temp\\Katalon\Appium\Temp1702109924035
[35m[Appium][39m   chromedriverPort: 59779
[35m[Appium][39m Deprecated server args:
[35m[Appium][39m   [31m--chromedriver-port[39m => --default-capabilities
[35m[Appium][39m Default capabilities, which will be added to each request unless overridden by desired capabilities:
[35m[Appium][39m   chromedriverPort: 59779
[35m[Appium][39m Appium REST http interface listener started on 0.0.0.0:59778
[35m[HTTP][39m [37m-->[39m [37mGET[39m [37m/wd/hub/status[39m
[35m[HTTP][39m [90m{}[39m
[35m[HTTP][39m [37m<-- GET /wd/hub/status [39m[32m200[39m [90m9 ms - 68[39m
[35m[HTTP][39m [90m[39m
[35m[HTTP][39m [37m-->[39m [37mGET[39m [37m/wd/hub/status[39m
[35m[HTTP][39m [90m{}[39m
[35m[HTTP][39m [37m<-- GET /wd/hub/status [39m[32m200[39m [90m2 ms - 68[39m
[35m[HTTP][39m [90m[39m
[35m[HTTP][39m [37m-->[39m [37mPOST[39m [37m/wd/hub/session[39m
[35m[HTTP][39m [90m{"desiredCapabilities":{"appActivity":".Settings","appPackage":"com.android.settings","newCommandTimeout":1800,"platformVersion":"11","automationName":"uiautomator2","autoGrantPermissions":true,"platformName":"Android","udid":"0768325235012240","deviceName":"INFINIX MOBILITY LIMITED Infinix X688B (Android 11)","platform":"ANDROID","systemPort":8246},"capabilities":{"firstMatch":[{"appium:appActivity":".Settings","appium:appPackage":"com.android.settings","appium:autoGrantPermissions":true,"appium:automationName":"uiautomator2","appium:deviceName":"INFINIX MOBILITY LIMITED Infinix X688B (Android 11)","appium:newCommandTimeout":1800,"platform":"ANDROID","platformName":"android","appium:platformVersion":"11","appium:systemPort":8246,"appium:udid":"0768325235012240"}]}}[39m
[35m[BaseDriver][39m The following capabilities are not standard capabilities and should have an extension prefix:
[35m[BaseDriver][39m   platform
[35m[BaseDriver][39m   chromedriverPort
[35m[Appium][39m Appium v1.22.3 creating new AndroidUiautomator2Driver (v1.70.1) session
[35m[BaseDriver][39m The following capabilities were provided, but are not recognized by Appium:
[35m[BaseDriver][39m   platform
[35m[BaseDriver][39m Session created with session id: f08c453e-0301-4b3a-aca7-e9575ef25c39
[35m[UiAutomator2][39m Starting 'com.android.settings' directly on the device
[35m[ADB][39m Found 3 'build-tools' folders under 'C:\Users\Administrator\AppData\Local\Android\Sdk' (newest first):
[35m[ADB][39m     C:/Users/Administrator/AppData/Local/Android/Sdk/build-tools/33.0.2
[35m[ADB][39m     C:/Users/Administrator/AppData/Local/Android/Sdk/build-tools/30.0.3
[35m[ADB][39m     C:/Users/Administrator/AppData/Local/Android/Sdk/build-tools/29.0.1
[35m[ADB][39m Using 'adb.exe' from 'C:\Users\Administrator\AppData\Local\Android\Sdk\platform-tools\adb.exe'
[35m[AndroidDriver][39m Retrieving device list
[35m[AndroidDriver][39m Using device: 0768325235012240
[35m[ADB][39m Using 'adb.exe' from 'C:\Users\Administrator\AppData\Local\Android\Sdk\platform-tools\adb.exe'
[35m[ADB][39m Getting device platform version
[35m[UiAutomator2][39m Relaxing hidden api policy
[35m[AndroidDriver][39m No app sent in, not parsing package/activity
[35m[ADB][39m Using 'apksigner.jar' from 'C:\Users\Administrator\AppData\Local\Android\Sdk\build-tools\33.0.2\lib\apksigner.jar'
[35m[ADB][39m 'C:\Users\Administrator\AppData\Roaming\npm\node_modules\appium\node_modules\appium-uiautomator2-server\apks\appium-uiautomator2-server-v4.27.0.apk' is signed with the default certificate
[35m[ADB][39m 'C:\Users\Administrator\AppData\Roaming\npm\node_modules\appium\node_modules\appium-uiautomator2-server\apks\appium-uiautomator2-server-debug-androidTest.apk' is signed with the default certificate
[35m[UiAutomator2][39m Server packages are not going to be (re)installed
[35m[ADB][39m Adding packages ["io.appium.settings","io.appium.uiautomator2.server","io.appium.uiautomator2.server.test"] to Doze whitelist
[35m[UiAutomator2][39m Starting UIAutomator2 server 4.27.0
[35m[UiAutomator2][39m Using UIAutomator2 server from 'C:\Users\Administrator\AppData\Roaming\npm\node_modules\appium\node_modules\appium-uiautomator2-server\apks\appium-uiautomator2-server-v4.27.0.apk' and test from 'C:\Users\Administrator\AppData\Roaming\npm\node_modules\appium\node_modules\appium-uiautomator2-server\apks\appium-uiautomator2-server-debug-androidTest.apk'
[35m[UiAutomator2][39m Waiting up to 30000ms for UiAutomator2 to be online...
[35m[WD Proxy][39m socket hang up
[35m[WD Proxy][39m socket hang up
[35m[WD Proxy][39m socket hang up
[35m[WD Proxy][39m socket hang up
[35m[WD Proxy][39m socket hang up
[35m[WD Proxy][39m Determined the downstream protocol as 'W3C'
[35m[AndroidDriver][39m Screen already unlocked, doing nothing
[35m[UiAutomator2][39m Starting 'com.android.settings/.Settings and waiting for 'com.android.settings/.Settings'
[35m[Appium][39m New AndroidUiautomator2Driver session created successfully, session f08c453e-0301-4b3a-aca7-e9575ef25c39 added to master session list
[35m[HTTP][39m [37m<-- POST /wd/hub/session [39m[32m200[39m [90m12669 ms - 1216[39m
[35m[HTTP][39m [90m[39m
[35m[HTTP][39m [37m-->[39m [37mGET[39m [37m/wd/hub/session/f08c453e-0301-4b3a-aca7-e9575ef25c39[39m
[35m[HTTP][39m [90m{}[39m
[35m[HTTP][39m [37m<-- GET /wd/hub/session/f08c453e-0301-4b3a-aca7-e9575ef25c39 [39m[32m200[39m [90m21 ms - 1170[39m
[35m[HTTP][39m [90m[39m
[35m[HTTP][39m [37m-->[39m [37mGET[39m [37m/wd/hub/session/f08c453e-0301-4b3a-aca7-e9575ef25c39[39m
[35m[HTTP][39m [90m{}[39m
[35m[HTTP][39m [37m<-- GET /wd/hub/session/f08c453e-0301-4b3a-aca7-e9575ef25c39 [39m[32m200[39m [90m19 ms - 1170[39m
[35m[HTTP][39m [90m[39m
[35m[HTTP][39m [37m-->[39m [37mGET[39m [37m/wd/hub/status[39m
[35m[HTTP][39m [90m{}[39m
[35m[HTTP][39m [37m<-- GET /wd/hub/status [39m[32m200[39m [90m2 ms - 68[39m
[35m[HTTP][39m [90m[39m
[35m[HTTP][39m [37m-->[39m [37mPOST[39m [37m/wd/hub/session/f08c453e-0301-4b3a-aca7-e9575ef25c39/timeouts[39m
[35m[HTTP][39m [90m{"implicit":60000}[39m
[35m[HTTP][39m [37m<-- POST /wd/hub/session/f08c453e-0301-4b3a-aca7-e9575ef25c39/timeouts [39m[32m200[39m [90m5 ms - 14[39m
[35m[HTTP][39m [90m[39m
[35m[HTTP][39m [37m-->[39m [37mGET[39m [37m/wd/hub/session/f08c453e-0301-4b3a-aca7-e9575ef25c39/screenshot[39m
[35m[HTTP][39m [90m{}[39m
[35m[HTTP][39m [37m<-- GET /wd/hub/session/f08c453e-0301-4b3a-aca7-e9575ef25c39/screenshot [39m[32m200[39m [90m658 ms - 44702[39m
[35m[HTTP][39m [90m[39m
[35m[HTTP][39m [37m-->[39m [37mGET[39m [37m/wd/hub/session/f08c453e-0301-4b3a-aca7-e9575ef25c39/window/rect[39m
[35m[HTTP][39m [90m{}[39m
[35m[HTTP][39m [37m<-- GET /wd/hub/session/f08c453e-0301-4b3a-aca7-e9575ef25c39/window/rect [39m[32m200[39m [90m49 ms - 49[39m
[35m[HTTP][39m [90m[39m
[35m[HTTP][39m [37m-->[39m [37mGET[39m [37m/wd/hub/session/f08c453e-0301-4b3a-aca7-e9575ef25c39/appium/device/system_bars[39m
[35m[HTTP][39m [90m{}[39m
[35m[HTTP][39m [37m<-- GET /wd/hub/session/f08c453e-0301-4b3a-aca7-e9575ef25c39/appium/device/system_bars [39m[32m200[39m [90m261 ms - 145[39m
[35m[HTTP][39m [90m[39m
[35m[HTTP][39m [37m-->[39m [37mPOST[39m [37m/wd/hub/session/f08c453e-0301-4b3a-aca7-e9575ef25c39/appium/device/activate_app[39m
[35m[HTTP][39m [90m{"bundleId":"com.example.reprohealth_app"}[39m
[35m[HTTP][39m [37m<-- POST /wd/hub/session/f08c453e-0301-4b3a-aca7-e9575ef25c39/appium/device/activate_app [39m[32m200[39m [90m815 ms - 14[39m
[35m[HTTP][39m [90m[39m
[35m[HTTP][39m [37m-->[39m [37mGET[39m [37m/wd/hub/session/f08c453e-0301-4b3a-aca7-e9575ef25c39/source[39m
[35m[HTTP][39m [90m{}[39m
[35m[W3C (f08c453e)][39m Driver proxy active, passing request on via HTTP proxy
[35m[WD Proxy][39m Replacing sessionId 8add8375-ca21-48e5-adc5-4eda9b94a127 with f08c453e-0301-4b3a-aca7-e9575ef25c39
[35m[HTTP][39m [37m<-- GET /wd/hub/session/f08c453e-0301-4b3a-aca7-e9575ef25c39/source [39m[32m200[39m [90m733 ms - 14135[39m
[35m[HTTP][39m [90m[39m
[35m[HTTP][39m [37m-->[39m [37mGET[39m [37m/wd/hub/session/f08c453e-0301-4b3a-aca7-e9575ef25c39/screenshot[39m
[35m[HTTP][39m [90m{}[39m
[35m[HTTP][39m [37m<-- GET /wd/hub/session/f08c453e-0301-4b3a-aca7-e9575ef25c39/screenshot [39m[32m200[39m [90m660 ms - 358202[39m
[35m[HTTP][39m [90m[39m
[35m[HTTP][39m [37m-->[39m [37mPOST[39m [37m/wd/hub/session/f08c453e-0301-4b3a-aca7-e9575ef25c39/elements[39m
[35m[HTTP][39m [90m{"using":"xpath","value":"//*[@class = 'android.widget.ImageView' and @resource-id = '' and (@text = '' or . = '')]"}[39m
[35m[HTTP][39m [37m<-- POST /wd/hub/session/f08c453e-0301-4b3a-aca7-e9575ef25c39/elements [39m[32m200[39m [90m759 ms - 1419[39m
[35m[HTTP][39m [90m[39m
[35m[HTTP][39m [37m-->[39m [37mPOST[39m [37m/wd/hub/session/f08c453e-0301-4b3a-aca7-e9575ef25c39/elements[39m
[35m[HTTP][39m [90m{"using":"accessibility id","value":"Tab 2 of 5"}[39m
[35m[HTTP][39m [37m<-- POST /wd/hub/session/f08c453e-0301-4b3a-aca7-e9575ef25c39/elements [39m[32m200[39m [90m487 ms - 139[39m
[35m[HTTP][39m [90m[39m
[35m[HTTP][39m [37m-->[39m [37mGET[39m [37m/wd/hub/session/f08c453e-0301-4b3a-aca7-e9575ef25c39/window/rect[39m
[35m[HTTP][39m [90m{}[39m
[35m[HTTP][39m [37m<-- GET /wd/hub/session/f08c453e-0301-4b3a-aca7-e9575ef25c39/window/rect [39m[32m200[39m [90m20 ms - 49[39m
[35m[HTTP][39m [90m[39m
[35m[HTTP][39m [37m-->[39m [37mPOST[39m [37m/wd/hub/session/f08c453e-0301-4b3a-aca7-e9575ef25c39/elements[39m
[35m[HTTP][39m [90m{"using":"accessibility id","value":"Tab 2 of 5"}[39m
[35m[HTTP][39m [37m<-- POST /wd/hub/session/f08c453e-0301-4b3a-aca7-e9575ef25c39/elements [39m[32m200[39m [90m46 ms - 139[39m
[35m[HTTP][39m [90m[39m
[35m[HTTP][39m [37m-->[39m [37mGET[39m [37m/wd/hub/session/f08c453e-0301-4b3a-aca7-e9575ef25c39/element/00000000-0000-03ad-0000-012100000003/location[39m
[35m[HTTP][39m [90m{}[39m
[35m[W3C (f08c453e)][39m Driver proxy active, passing request on via HTTP proxy
[35m[WD Proxy][39m Replacing sessionId 8add8375-ca21-48e5-adc5-4eda9b94a127 with f08c453e-0301-4b3a-aca7-e9575ef25c39
[35m[HTTP][39m [37m<-- GET /wd/hub/session/f08c453e-0301-4b3a-aca7-e9575ef25c39/element/00000000-0000-03ad-0000-012100000003/location [39m[32m200[39m [90m32 ms - 79[39m
[35m[HTTP][39m [90m[39m
[35m[HTTP][39m [37m-->[39m [37mPOST[39m [37m/wd/hub/session/f08c453e-0301-4b3a-aca7-e9575ef25c39/element/00000000-0000-03ad-0000-012100000003/click[39m
[35m[HTTP][39m [90m{"id":"00000000-0000-03ad-0000-012100000003"}[39m
[35m[HTTP][39m [37m<-- POST /wd/hub/session/f08c453e-0301-4b3a-aca7-e9575ef25c39/element/00000000-0000-03ad-0000-012100000003/click [39m[32m200[39m [90m1135 ms - 14[39m
[35m[HTTP][39m [90m[39m
[35m[HTTP][39m [37m-->[39m [37mGET[39m [37m/wd/hub/session/f08c453e-0301-4b3a-aca7-e9575ef25c39/source[39m
[35m[HTTP][39m [90m{}[39m
[35m[W3C (f08c453e)][39m Driver proxy active, passing request on via HTTP proxy
[35m[WD Proxy][39m Replacing sessionId 8add8375-ca21-48e5-adc5-4eda9b94a127 with f08c453e-0301-4b3a-aca7-e9575ef25c39
[35m[HTTP][39m [37m<-- GET /wd/hub/session/f08c453e-0301-4b3a-aca7-e9575ef25c39/source [39m[32m200[39m [90m155 ms - 14135[39m
[35m[HTTP][39m [90m[39m
[35m[HTTP][39m [37m-->[39m [37mGET[39m [37m/wd/hub/session/f08c453e-0301-4b3a-aca7-e9575ef25c39/screenshot[39m
[35m[HTTP][39m [90m{}[39m
[35m[HTTP][39m [37m<-- GET /wd/hub/session/f08c453e-0301-4b3a-aca7-e9575ef25c39/screenshot [39m[32m200[39m [90m649 ms - 358340[39m
[35m[HTTP][39m [90m[39m
[35m[HTTP][39m [37m-->[39m [37mPOST[39m [37m/wd/hub/session/f08c453e-0301-4b3a-aca7-e9575ef25c39/elements[39m
[35m[HTTP][39m [90m{"using":"xpath","value":"//*[@class = 'android.widget.EditText' and @resource-id = '' and (@text = '' or . = '')]"}[39m
[35m[HTTP][39m [37m<-- POST /wd/hub/session/f08c453e-0301-4b3a-aca7-e9575ef25c39/elements [39m[32m200[39m [90m194 ms - 139[39m
[35m[HTTP][39m [90m[39m
[35m[HTTP][39m [37m-->[39m [37mPOST[39m [37m/wd/hub/session/f08c453e-0301-4b3a-aca7-e9575ef25c39/elements[39m
[35m[HTTP][39m [90m{"using":"xpath","value":"//*[@class = 'android.widget.EditText' and @resource-id = '' and (@text = '' or . = '')]"}[39m
[35m[HTTP][39m [37m<-- POST /wd/hub/session/f08c453e-0301-4b3a-aca7-e9575ef25c39/elements [39m[32m200[39m [90m214 ms - 139[39m
[35m[HTTP][39m [90m[39m
[35m[HTTP][39m [37m-->[39m [37mGET[39m [37m/wd/hub/session/f08c453e-0301-4b3a-aca7-e9575ef25c39/source[39m
[35m[HTTP][39m [90m{}[39m
[35m[W3C (f08c453e)][39m Driver proxy active, passing request on via HTTP proxy
[35m[WD Proxy][39m Replacing sessionId 8add8375-ca21-48e5-adc5-4eda9b94a127 with f08c453e-0301-4b3a-aca7-e9575ef25c39
[35m[HTTP][39m [37m<-- GET /wd/hub/session/f08c453e-0301-4b3a-aca7-e9575ef25c39/source [39m[32m200[39m [90m103 ms - 14135[39m
[35m[HTTP][39m [90m[39m
[35m[HTTP][39m [37m-->[39m [37mGET[39m [37m/wd/hub/session/f08c453e-0301-4b3a-aca7-e9575ef25c39/screenshot[39m
[35m[HTTP][39m [90m{}[39m
[35m[HTTP][39m [37m<-- GET /wd/hub/session/f08c453e-0301-4b3a-aca7-e9575ef25c39/screenshot [39m[32m200[39m [90m795 ms - 360550[39m
[35m[HTTP][39m [90m[39m
[35m[HTTP][39m [37m-->[39m [37mPOST[39m [37m/wd/hub/session/f08c453e-0301-4b3a-aca7-e9575ef25c39/elements[39m
[35m[HTTP][39m [90m{"using":"xpath","value":"//*[@class = 'android.widget.Button' and @resource-id = '' and (@text = '' or . = '')]"}[39m
[35m[HTTP][39m [37m<-- POST /wd/hub/session/f08c453e-0301-4b3a-aca7-e9575ef25c39/elements [39m[32m200[39m [90m1084 ms - 139[39m
[35m[HTTP][39m [90m[39m
[35m[HTTP][39m [37m-->[39m [37mPOST[39m [37m/wd/hub/session/f08c453e-0301-4b3a-aca7-e9575ef25c39/elements[39m
[35m[HTTP][39m [90m{"using":"xpath","value":"//*[@class = 'android.widget.Button' and @resource-id = '' and (@text = '' or . = '')]"}[39m
[35m[HTTP][39m [37m<-- POST /wd/hub/session/f08c453e-0301-4b3a-aca7-e9575ef25c39/elements [39m[32m200[39m [90m138 ms - 139[39m
[35m[HTTP][39m [90m[39m
[35m[HTTP][39m [37m-->[39m [37mGET[39m [37m/wd/hub/session/f08c453e-0301-4b3a-aca7-e9575ef25c39/source[39m
[35m[HTTP][39m [90m{}[39m
[35m[W3C (f08c453e)][39m Driver proxy active, passing request on via HTTP proxy
[35m[WD Proxy][39m Replacing sessionId 8add8375-ca21-48e5-adc5-4eda9b94a127 with f08c453e-0301-4b3a-aca7-e9575ef25c39
[35m[HTTP][39m [37m<-- GET /wd/hub/session/f08c453e-0301-4b3a-aca7-e9575ef25c39/source [39m[32m200[39m [90m86 ms - 14135[39m
[35m[HTTP][39m [90m[39m
[35m[HTTP][39m [37m-->[39m [37mGET[39m [37m/wd/hub/session/f08c453e-0301-4b3a-aca7-e9575ef25c39/screenshot[39m
[35m[HTTP][39m [90m{}[39m
[35m[HTTP][39m [37m<-- GET /wd/hub/session/f08c453e-0301-4b3a-aca7-e9575ef25c39/screenshot [39m[32m200[39m [90m641 ms - 359446[39m
[35m[HTTP][39m [90m[39m
[35m[HTTP][39m [37m-->[39m [37mPOST[39m [37m/wd/hub/session/f08c453e-0301-4b3a-aca7-e9575ef25c39/elements[39m
[35m[HTTP][39m [90m{"using":"xpath","value":"//*[@class = 'android.view.View' and @resource-id = '' and (@text = '' or . = '')]"}[39m
[35m[HTTP][39m [37m<-- POST /wd/hub/session/f08c453e-0301-4b3a-aca7-e9575ef25c39/elements [39m[32m200[39m [90m160 ms - 1931[39m
[35m[HTTP][39m [90m[39m
[35m[HTTP][39m [37m-->[39m [37mPOST[39m [37m/wd/hub/session/f08c453e-0301-4b3a-aca7-e9575ef25c39/elements[39m
[35m[HTTP][39m [90m{"using":"accessibility id","value":"Manfaat Madu untuk Kesehatan Reproduksi\ndr. Farhan M\n1 November 2023"}[39m
[35m[HTTP][39m [37m<-- POST /wd/hub/session/f08c453e-0301-4b3a-aca7-e9575ef25c39/elements [39m[32m200[39m [90m39 ms - 139[39m
[35m[HTTP][39m [90m[39m
[35m[HTTP][39m [37m-->[39m [37mPOST[39m [37m/wd/hub/session/f08c453e-0301-4b3a-aca7-e9575ef25c39/elements[39m
[35m[HTTP][39m [90m{"using":"xpath","value":"//*[@class = 'android.view.View' and @resource-id = '' and (@text = '' or . = '')]"}[39m
[35m[HTTP][39m [37m<-- POST /wd/hub/session/f08c453e-0301-4b3a-aca7-e9575ef25c39/elements [39m[32m200[39m [90m145 ms - 1931[39m
[35m[HTTP][39m [90m[39m
[35m[HTTP][39m [37m-->[39m [37mPOST[39m [37m/wd/hub/session/f08c453e-0301-4b3a-aca7-e9575ef25c39/elements[39m
[35m[HTTP][39m [90m{"using":"accessibility id","value":"Manfaat Madu untuk Kesehatan Reproduksi\ndr. Farhan M\n1 November 2023"}[39m
[35m[HTTP][39m [37m<-- POST /wd/hub/session/f08c453e-0301-4b3a-aca7-e9575ef25c39/elements [39m[32m200[39m [90m36 ms - 139[39m
[35m[HTTP][39m [90m[39m
[35m[HTTP][39m [37m-->[39m [37mGET[39m [37m/wd/hub/session/f08c453e-0301-4b3a-aca7-e9575ef25c39/source[39m
[35m[HTTP][39m [90m{}[39m
[35m[W3C (f08c453e)][39m Driver proxy active, passing request on via HTTP proxy
[35m[WD Proxy][39m Replacing sessionId 8add8375-ca21-48e5-adc5-4eda9b94a127 with f08c453e-0301-4b3a-aca7-e9575ef25c39
[35m[HTTP][39m [37m<-- GET /wd/hub/session/f08c453e-0301-4b3a-aca7-e9575ef25c39/source [39m[32m200[39m [90m82 ms - 14135[39m
[35m[HTTP][39m [90m[39m
[35m[HTTP][39m [37m-->[39m [37mGET[39m [37m/wd/hub/session/f08c453e-0301-4b3a-aca7-e9575ef25c39/screenshot[39m
[35m[HTTP][39m [90m{}[39m
[35m[HTTP][39m [37m<-- GET /wd/hub/session/f08c453e-0301-4b3a-aca7-e9575ef25c39/screenshot [39m[32m200[39m [90m656 ms - 360020[39m
[35m[HTTP][39m [90m[39m
[35m[HTTP][39m [37m-->[39m [37mPOST[39m [37m/wd/hub/session/f08c453e-0301-4b3a-aca7-e9575ef25c39/elements[39m
[35m[HTTP][39m [90m{"using":"xpath","value":"//*[@class = 'android.view.View' and @resource-id = '' and (@text = '' or . = '')]"}[39m
[35m[HTTP][39m [37m<-- POST /wd/hub/session/f08c453e-0301-4b3a-aca7-e9575ef25c39/elements [39m[32m200[39m [90m164 ms - 1931[39m
[35m[HTTP][39m [90m[39m
[35m[HTTP][39m [37m-->[39m [37mPOST[39m [37m/wd/hub/session/f08c453e-0301-4b3a-aca7-e9575ef25c39/elements[39m
[35m[HTTP][39m [90m{"using":"accessibility id","value":"Manfaat Madu untuk Kesehatan Reproduksi\ndr. Farhan M\n1 November 2023"}[39m
[35m[HTTP][39m [37m<-- POST /wd/hub/session/f08c453e-0301-4b3a-aca7-e9575ef25c39/elements [39m[32m200[39m [90m37 ms - 139[39m
[35m[HTTP][39m [90m[39m
[35m[HTTP][39m [37m-->[39m [37mGET[39m [37m/wd/hub/session/f08c453e-0301-4b3a-aca7-e9575ef25c39/window/rect[39m
[35m[HTTP][39m [90m{}[39m
[35m[HTTP][39m [37m<-- GET /wd/hub/session/f08c453e-0301-4b3a-aca7-e9575ef25c39/window/rect [39m[32m200[39m [90m14 ms - 49[39m
[35m[HTTP][39m [90m[39m
[35m[HTTP][39m [37m-->[39m [37mPOST[39m [37m/wd/hub/session/f08c453e-0301-4b3a-aca7-e9575ef25c39/elements[39m
[35m[HTTP][39m [90m{"using":"accessibility id","value":"Manfaat Madu untuk Kesehatan Reproduksi\ndr. Farhan M\n1 November 2023"}[39m
[35m[HTTP][39m [37m<-- POST /wd/hub/session/f08c453e-0301-4b3a-aca7-e9575ef25c39/elements [39m[32m200[39m [90m35 ms - 139[39m
[35m[HTTP][39m [90m[39m
[35m[HTTP][39m [37m-->[39m [37mGET[39m [37m/wd/hub/session/f08c453e-0301-4b3a-aca7-e9575ef25c39/element/00000000-0000-03ad-0000-010f00000003/location[39m
[35m[HTTP][39m [90m{}[39m
[35m[W3C (f08c453e)][39m Driver proxy active, passing request on via HTTP proxy
[35m[WD Proxy][39m Replacing sessionId 8add8375-ca21-48e5-adc5-4eda9b94a127 with f08c453e-0301-4b3a-aca7-e9575ef25c39
[35m[HTTP][39m [37m<-- GET /wd/hub/session/f08c453e-0301-4b3a-aca7-e9575ef25c39/element/00000000-0000-03ad-0000-010f00000003/location [39m[32m200[39m [90m29 ms - 76[39m
[35m[HTTP][39m [90m[39m
[35m[HTTP][39m [37m-->[39m [37mPOST[39m [37m/wd/hub/session/f08c453e-0301-4b3a-aca7-e9575ef25c39/element/00000000-0000-03ad-0000-010f00000003/click[39m
[35m[HTTP][39m [90m{"id":"00000000-0000-03ad-0000-010f00000003"}[39m
[35m[HTTP][39m [37m<-- POST /wd/hub/session/f08c453e-0301-4b3a-aca7-e9575ef25c39/element/00000000-0000-03ad-0000-010f00000003/click [39m[32m200[39m [90m76 ms - 14[39m
[35m[HTTP][39m [90m[39m
[35m[HTTP][39m [37m-->[39m [37mGET[39m [37m/wd/hub/session/f08c453e-0301-4b3a-aca7-e9575ef25c39/source[39m
[35m[HTTP][39m [90m{}[39m
[35m[W3C (f08c453e)][39m Driver proxy active, passing request on via HTTP proxy
[35m[WD Proxy][39m Replacing sessionId 8add8375-ca21-48e5-adc5-4eda9b94a127 with f08c453e-0301-4b3a-aca7-e9575ef25c39
[35m[HTTP][39m [37m<-- GET /wd/hub/session/f08c453e-0301-4b3a-aca7-e9575ef25c39/source [39m[32m200[39m [90m112 ms - 8440[39m
[35m[HTTP][39m [90m[39m
[35m[HTTP][39m [37m-->[39m [37mGET[39m [37m/wd/hub/session/f08c453e-0301-4b3a-aca7-e9575ef25c39/screenshot[39m
[35m[HTTP][39m [90m{}[39m
[35m[HTTP][39m [37m<-- GET /wd/hub/session/f08c453e-0301-4b3a-aca7-e9575ef25c39/screenshot [39m[32m200[39m [90m1012 ms - 768194[39m
[35m[HTTP][39m [90m[39m
[35m[HTTP][39m [37m-->[39m [37mPOST[39m [37m/wd/hub/session/f08c453e-0301-4b3a-aca7-e9575ef25c39/elements[39m
[35m[HTTP][39m [90m{"using":"xpath","value":"//*[@class = 'android.view.View' and @resource-id = '' and (@text = '' or . = '')]"}[39m
[35m[HTTP][39m [37m<-- POST /wd/hub/session/f08c453e-0301-4b3a-aca7-e9575ef25c39/elements [39m[32m200[39m [90m99 ms - 907[39m
[35m[HTTP][39m [90m[39m
[35m[HTTP][39m [37m-->[39m [37mPOST[39m [37m/wd/hub/session/f08c453e-0301-4b3a-aca7-e9575ef25c39/elements[39m
[35m[HTTP][39m [90m{"using":"accessibility id","value":"Manfaat Madu untuk Kesehatan Reproduksi\nReproduksi\nMakanan Sehat\ndr. Farhan M\nDiunggah pada 18 Agustus 2023 pukul 18.00 WIB\n123\n123\n123\n Dengan nutrisi yang komprehensif, madu memiliki potensi memberikan sejumlah manfaat signifikan untuk kesehatan reproduksi, baik pada pria maupun wanita. Manfaatnya meliputi peningkatan kesuburan dan bantuan dalam mengatasi berbagai masalah reproduksi umum yang sering dihadapi oleh wanita.\n\nSelain rasanya yang manis, madu juga mengandung nutrisi yang lengkap, seperti antioksidan, flavonoid, asam fenolat, asam amino, enzim, vitamin, dan mineral. Ternyata, manfaat madu tidak hanya terbatas pada kesehatan umum, tetapi juga berperan penting dalam menjaga kesehatan reproduksi baik pada pria maupun wanita.\n\nMadu telah menjadi bagian penting dalam terapi kesuburan dan perencanaan kehamilan selama waktu yang lama. Manfaatnya dapat dirasakan oleh baik pria maupun wanita.\nBagi pria, madu bahkan dapat berperan dalam mengatasi masalah ...[39m
[35m[HTTP][39m [37m<-- POST /wd/hub/session/f08c453e-0301-4b3a-aca7-e9575ef25c39/elements [39m[32m200[39m [90m39 ms - 139[39m
[35m[HTTP][39m [90m[39m
[35m[HTTP][39m [37m-->[39m [37mPOST[39m [37m/wd/hub/session/f08c453e-0301-4b3a-aca7-e9575ef25c39/elements[39m
[35m[HTTP][39m [90m{"using":"xpath","value":"//*[@class = 'android.view.View' and @resource-id = '' and (@text = '' or . = '')]"}[39m
[35m[HTTP][39m [37m<-- POST /wd/hub/session/f08c453e-0301-4b3a-aca7-e9575ef25c39/elements [39m[32m200[39m [90m479 ms - 907[39m
[35m[HTTP][39m [90m[39m
[35m[HTTP][39m [37m-->[39m [37mPOST[39m [37m/wd/hub/session/f08c453e-0301-4b3a-aca7-e9575ef25c39/elements[39m
[35m[HTTP][39m [90m{"using":"accessibility id","value":"Manfaat Madu untuk Kesehatan Reproduksi\nReproduksi\nMakanan Sehat\ndr. Farhan M\nDiunggah pada 18 Agustus 2023 pukul 18.00 WIB\n123\n123\n123\n Dengan nutrisi yang komprehensif, madu memiliki potensi memberikan sejumlah manfaat signifikan untuk kesehatan reproduksi, baik pada pria maupun wanita. Manfaatnya meliputi peningkatan kesuburan dan bantuan dalam mengatasi berbagai masalah reproduksi umum yang sering dihadapi oleh wanita.\n\nSelain rasanya yang manis, madu juga mengandung nutrisi yang lengkap, seperti antioksidan, flavonoid, asam fenolat, asam amino, enzim, vitamin, dan mineral. Ternyata, manfaat madu tidak hanya terbatas pada kesehatan umum, tetapi juga berperan penting dalam menjaga kesehatan reproduksi baik pada pria maupun wanita.\n\nMadu telah menjadi bagian penting dalam terapi kesuburan dan perencanaan kehamilan selama waktu yang lama. Manfaatnya dapat dirasakan oleh baik pria maupun wanita.\nBagi pria, madu bahkan dapat berperan dalam mengatasi masalah ...[39m
[35m[HTTP][39m [37m<-- POST /wd/hub/session/f08c453e-0301-4b3a-aca7-e9575ef25c39/elements [39m[32m200[39m [90m37 ms - 139[39m
[35m[HTTP][39m [90m[39m
[35m[HTTP][39m [37m-->[39m [37mGET[39m [37m/wd/hub/session/f08c453e-0301-4b3a-aca7-e9575ef25c39/source[39m
[35m[HTTP][39m [90m{}[39m
[35m[W3C (f08c453e)][39m Driver proxy active, passing request on via HTTP proxy
[35m[WD Proxy][39m Replacing sessionId 8add8375-ca21-48e5-adc5-4eda9b94a127 with f08c453e-0301-4b3a-aca7-e9575ef25c39
[35m[HTTP][39m [37m<-- GET /wd/hub/session/f08c453e-0301-4b3a-aca7-e9575ef25c39/source [39m[32m200[39m [90m57 ms - 8440[39m
[35m[HTTP][39m [90m[39m
[35m[HTTP][39m [37m-->[39m [37mGET[39m [37m/wd/hub/session/f08c453e-0301-4b3a-aca7-e9575ef25c39/screenshot[39m
[35m[HTTP][39m [90m{}[39m
[35m[HTTP][39m [37m<-- GET /wd/hub/session/f08c453e-0301-4b3a-aca7-e9575ef25c39/screenshot [39m[32m200[39m [90m983 ms - 767758[39m
[35m[HTTP][39m [90m[39m
[35m[HTTP][39m [37m-->[39m [37mPOST[39m [37m/wd/hub/session/f08c453e-0301-4b3a-aca7-e9575ef25c39/elements[39m
[35m[HTTP][39m [90m{"using":"xpath","value":"//*[@class = 'android.widget.ImageView' and @resource-id = '' and (@text = '' or . = '')]"}[39m
[35m[HTTP][39m [37m<-- POST /wd/hub/session/f08c453e-0301-4b3a-aca7-e9575ef25c39/elements [39m[32m200[39m [90m97 ms - 267[39m
[35m[HTTP][39m [90m[39m
[35m[HTTP][39m [37m-->[39m [37mPOST[39m [37m/wd/hub/session/f08c453e-0301-4b3a-aca7-e9575ef25c39/elements[39m
[35m[HTTP][39m [90m{"using":"-android uiautomator","value":"new UiSelector().className(\"android.widget.ImageView\").resourceId(\"\")"}[39m
[35m[HTTP][39m [37m<-- POST /wd/hub/session/f08c453e-0301-4b3a-aca7-e9575ef25c39/elements [39m[32m200[39m [90m64 ms - 267[39m
[35m[HTTP][39m [90m[39m
[35m[HTTP][39m [37m-->[39m [37mPOST[39m [37m/wd/hub/session/f08c453e-0301-4b3a-aca7-e9575ef25c39/elements[39m
[35m[HTTP][39m [90m{"using":"xpath","value":"//*[@class = 'android.widget.ImageView' and @resource-id = '' and (@text = '' or . = '')]"}[39m
[35m[HTTP][39m [37m<-- POST /wd/hub/session/f08c453e-0301-4b3a-aca7-e9575ef25c39/elements [39m[32m200[39m [90m93 ms - 267[39m
[35m[HTTP][39m [90m[39m
[35m[HTTP][39m [37m-->[39m [37mPOST[39m [37m/wd/hub/session/f08c453e-0301-4b3a-aca7-e9575ef25c39/elements[39m
[35m[HTTP][39m [90m{"using":"-android uiautomator","value":"new UiSelector().className(\"android.widget.ImageView\").resourceId(\"\")"}[39m
[35m[HTTP][39m [37m<-- POST /wd/hub/session/f08c453e-0301-4b3a-aca7-e9575ef25c39/elements [39m[32m200[39m [90m49 ms - 267[39m
[35m[HTTP][39m [90m[39m
[35m[HTTP][39m [37m-->[39m [37mGET[39m [37m/wd/hub/session/f08c453e-0301-4b3a-aca7-e9575ef25c39/source[39m
[35m[HTTP][39m [90m{}[39m
[35m[W3C (f08c453e)][39m Driver proxy active, passing request on via HTTP proxy
[35m[WD Proxy][39m Replacing sessionId 8add8375-ca21-48e5-adc5-4eda9b94a127 with f08c453e-0301-4b3a-aca7-e9575ef25c39
[35m[HTTP][39m [37m<-- GET /wd/hub/session/f08c453e-0301-4b3a-aca7-e9575ef25c39/source [39m[32m200[39m [90m60 ms - 8440[39m
[35m[HTTP][39m [90m[39m
[35m[HTTP][39m [37m-->[39m [37mGET[39m [37m/wd/hub/session/f08c453e-0301-4b3a-aca7-e9575ef25c39/screenshot[39m
[35m[HTTP][39m [90m{}[39m
[35m[HTTP][39m [37m<-- GET /wd/hub/session/f08c453e-0301-4b3a-aca7-e9575ef25c39/screenshot [39m[32m200[39m [90m955 ms - 768888[39m
[35m[HTTP][39m [90m[39m
[35m[HTTP][39m [37m-->[39m [37mPOST[39m [37m/wd/hub/session/f08c453e-0301-4b3a-aca7-e9575ef25c39/elements[39m
[35m[HTTP][39m [90m{"using":"xpath","value":"//*[@class = 'android.widget.Button' and @resource-id = '' and (@text = '' or . = '')]"}[39m
[35m[HTTP][39m [37m<-- POST /wd/hub/session/f08c453e-0301-4b3a-aca7-e9575ef25c39/elements [39m[32m200[39m [90m88 ms - 267[39m
[35m[HTTP][39m [90m[39m
[35m[HTTP][39m [37m-->[39m [37mPOST[39m [37m/wd/hub/session/f08c453e-0301-4b3a-aca7-e9575ef25c39/elements[39m
[35m[HTTP][39m [90m{"using":"-android uiautomator","value":"new UiSelector().className(\"android.widget.Button\").resourceId(\"\")"}[39m
[35m[HTTP][39m [37m<-- POST /wd/hub/session/f08c453e-0301-4b3a-aca7-e9575ef25c39/elements [39m[32m200[39m [90m50 ms - 267[39m
[35m[HTTP][39m [90m[39m
[35m[HTTP][39m [37m-->[39m [37mPOST[39m [37m/wd/hub/session/f08c453e-0301-4b3a-aca7-e9575ef25c39/elements[39m
[35m[HTTP][39m [90m{"using":"xpath","value":"//*[@class = 'android.widget.Button' and @resource-id = '' and (@text = '' or . = '')]"}[39m
[35m[HTTP][39m [37m<-- POST /wd/hub/session/f08c453e-0301-4b3a-aca7-e9575ef25c39/elements [39m[32m200[39m [90m86 ms - 267[39m
[35m[HTTP][39m [90m[39m
[35m[HTTP][39m [37m-->[39m [37mPOST[39m [37m/wd/hub/session/f08c453e-0301-4b3a-aca7-e9575ef25c39/elements[39m
[35m[HTTP][39m [90m{"using":"-android uiautomator","value":"new UiSelector().className(\"android.widget.Button\").resourceId(\"\")"}[39m
[35m[HTTP][39m [37m<-- POST /wd/hub/session/f08c453e-0301-4b3a-aca7-e9575ef25c39/elements [39m[32m200[39m [90m48 ms - 267[39m
[35m[HTTP][39m [90m[39m
[35m[HTTP][39m [37m-->[39m [37mGET[39m [37m/wd/hub/session/f08c453e-0301-4b3a-aca7-e9575ef25c39/source[39m
[35m[HTTP][39m [90m{}[39m
[35m[W3C (f08c453e)][39m Driver proxy active, passing request on via HTTP proxy
[35m[WD Proxy][39m Replacing sessionId 8add8375-ca21-48e5-adc5-4eda9b94a127 with f08c453e-0301-4b3a-aca7-e9575ef25c39
[35m[HTTP][39m [37m<-- GET /wd/hub/session/f08c453e-0301-4b3a-aca7-e9575ef25c39/source [39m[32m200[39m [90m57 ms - 8440[39m
[35m[HTTP][39m [90m[39m
[35m[HTTP][39m [37m-->[39m [37mGET[39m [37m/wd/hub/session/f08c453e-0301-4b3a-aca7-e9575ef25c39/screenshot[39m
[35m[HTTP][39m [90m{}[39m
[35m[HTTP][39m [37m<-- GET /wd/hub/session/f08c453e-0301-4b3a-aca7-e9575ef25c39/screenshot [39m[32m200[39m [90m956 ms - 768240[39m
[35m[HTTP][39m [90m[39m
[35m[HTTP][39m [37m-->[39m [37mGET[39m [37m/wd/hub/session/f08c453e-0301-4b3a-aca7-e9575ef25c39/context[39m
[35m[HTTP][39m [90m{}[39m
[35m[HTTP][39m [37m<-- GET /wd/hub/session/f08c453e-0301-4b3a-aca7-e9575ef25c39/context [39m[32m200[39m [90m5 ms - 22[39m
[35m[HTTP][39m [90m[39m
[35m[HTTP][39m [37m-->[39m [37mGET[39m [37m/wd/hub/session/f08c453e-0301-4b3a-aca7-e9575ef25c39/contexts[39m
[35m[HTTP][39m [90m{}[39m
[35m[HTTP][39m [37m<-- GET /wd/hub/session/f08c453e-0301-4b3a-aca7-e9575ef25c39/contexts [39m[32m200[39m [90m235 ms - 24[39m
[35m[HTTP][39m [90m[39m
[35m[HTTP][39m [37m-->[39m [37mPOST[39m [37m/wd/hub/session/f08c453e-0301-4b3a-aca7-e9575ef25c39/context[39m
[35m[HTTP][39m [90m{"name":"NATIVE_APP"}[39m
[35m[HTTP][39m [37m<-- POST /wd/hub/session/f08c453e-0301-4b3a-aca7-e9575ef25c39/context [39m[32m200[39m [90m1 ms - 14[39m
[35m[HTTP][39m [90m[39m
[35m[HTTP][39m [37m-->[39m [37mPOST[39m [37m/wd/hub/session/f08c453e-0301-4b3a-aca7-e9575ef25c39/appium/device/hide_keyboard[39m
[35m[HTTP][39m [90m{}[39m
[35m[ADB][39m Keyboard has no UI; no closing necessary
[35m[HTTP][39m [37m<-- POST /wd/hub/session/f08c453e-0301-4b3a-aca7-e9575ef25c39/appium/device/hide_keyboard [39m[32m200[39m [90m1333 ms - 15[39m
[35m[HTTP][39m [90m[39m
[35m[HTTP][39m [37m-->[39m [37mPOST[39m [37m/wd/hub/session/f08c453e-0301-4b3a-aca7-e9575ef25c39/context[39m
[35m[HTTP][39m [90m{"name":"NATIVE_APP"}[39m
[35m[HTTP][39m [37m<-- POST /wd/hub/session/f08c453e-0301-4b3a-aca7-e9575ef25c39/context [39m[32m200[39m [90m1 ms - 14[39m
[35m[HTTP][39m [90m[39m
[35m[HTTP][39m [37m-->[39m [37mGET[39m [37m/wd/hub/session/f08c453e-0301-4b3a-aca7-e9575ef25c39/source[39m
[35m[HTTP][39m [90m{}[39m
[35m[W3C (f08c453e)][39m Driver proxy active, passing request on via HTTP proxy
[35m[WD Proxy][39m Replacing sessionId 8add8375-ca21-48e5-adc5-4eda9b94a127 with f08c453e-0301-4b3a-aca7-e9575ef25c39
[35m[HTTP][39m [37m<-- GET /wd/hub/session/f08c453e-0301-4b3a-aca7-e9575ef25c39/source [39m[32m200[39m [90m77 ms - 10582[39m
[35m[HTTP][39m [90m[39m
[35m[HTTP][39m [37m-->[39m [37mGET[39m [37m/wd/hub/session/f08c453e-0301-4b3a-aca7-e9575ef25c39/screenshot[39m
[35m[HTTP][39m [90m{}[39m
[35m[HTTP][39m [37m<-- GET /wd/hub/session/f08c453e-0301-4b3a-aca7-e9575ef25c39/screenshot [39m[32m200[39m [90m672 ms - 353352[39m
[35m[HTTP][39m [90m[39m
[35m[HTTP][39m [37m-->[39m [37mPOST[39m [37m/wd/hub/session/f08c453e-0301-4b3a-aca7-e9575ef25c39/elements[39m
[35m[HTTP][39m [90m{"using":"xpath","value":"//*[@class = 'android.widget.EditText' and @resource-id = '' and (@text = '' or . = '')]"}[39m
[35m[HTTP][39m [37m<-- POST /wd/hub/session/f08c453e-0301-4b3a-aca7-e9575ef25c39/elements [39m[32m200[39m [90m110 ms - 139[39m
[35m[HTTP][39m [90m[39m
[35m[HTTP][39m [37m-->[39m [37mPOST[39m [37m/wd/hub/session/f08c453e-0301-4b3a-aca7-e9575ef25c39/elements[39m
[35m[HTTP][39m [90m{"using":"xpath","value":"//*[@class = 'android.widget.EditText' and @resource-id = '' and (@text = '' or . = '')]"}[39m
[35m[HTTP][39m [37m<-- POST /wd/hub/session/f08c453e-0301-4b3a-aca7-e9575ef25c39/elements [39m[32m200[39m [90m101 ms - 139[39m
[35m[HTTP][39m [90m[39m
[35m[HTTP][39m [37m-->[39m [37mGET[39m [37m/wd/hub/session/f08c453e-0301-4b3a-aca7-e9575ef25c39/source[39m
[35m[HTTP][39m [90m{}[39m
[35m[W3C (f08c453e)][39m Driver proxy active, passing request on via HTTP proxy
[35m[WD Proxy][39m Replacing sessionId 8add8375-ca21-48e5-adc5-4eda9b94a127 with f08c453e-0301-4b3a-aca7-e9575ef25c39
[35m[HTTP][39m [37m<-- GET /wd/hub/session/f08c453e-0301-4b3a-aca7-e9575ef25c39/source [39m[32m200[39m [90m436 ms - 10582[39m
[35m[HTTP][39m [90m[39m
[35m[HTTP][39m [37m-->[39m [37mGET[39m [37m/wd/hub/session/f08c453e-0301-4b3a-aca7-e9575ef25c39/screenshot[39m
[35m[HTTP][39m [90m{}[39m
[35m[HTTP][39m [37m<-- GET /wd/hub/session/f08c453e-0301-4b3a-aca7-e9575ef25c39/screenshot [39m[32m200[39m [90m662 ms - 353070[39m
[35m[HTTP][39m [90m[39m
[35m[HTTP][39m [37m-->[39m [37mPOST[39m [37m/wd/hub/session/f08c453e-0301-4b3a-aca7-e9575ef25c39/elements[39m
[35m[HTTP][39m [90m{"using":"xpath","value":"//*[@class = 'android.widget.Button' and @resource-id = '' and (@text = '' or . = '')]"}[39m
[35m[HTTP][39m [37m<-- POST /wd/hub/session/f08c453e-0301-4b3a-aca7-e9575ef25c39/elements [39m[32m200[39m [90m117 ms - 139[39m
[35m[HTTP][39m [90m[39m
[35m[HTTP][39m [37m-->[39m [37mPOST[39m [37m/wd/hub/session/f08c453e-0301-4b3a-aca7-e9575ef25c39/elements[39m
[35m[HTTP][39m [90m{"using":"xpath","value":"//*[@class = 'android.widget.Button' and @resource-id = '' and (@text = '' or . = '')]"}[39m
[35m[HTTP][39m [37m<-- POST /wd/hub/session/f08c453e-0301-4b3a-aca7-e9575ef25c39/elements [39m[32m200[39m [90m96 ms - 139[39m
[35m[HTTP][39m [90m[39m
[35m[HTTP][39m [37m-->[39m [37mGET[39m [37m/wd/hub/session/f08c453e-0301-4b3a-aca7-e9575ef25c39/source[39m
[35m[HTTP][39m [90m{}[39m
[35m[W3C (f08c453e)][39m Driver proxy active, passing request on via HTTP proxy
[35m[WD Proxy][39m Replacing sessionId 8add8375-ca21-48e5-adc5-4eda9b94a127 with f08c453e-0301-4b3a-aca7-e9575ef25c39
[35m[HTTP][39m [37m<-- GET /wd/hub/session/f08c453e-0301-4b3a-aca7-e9575ef25c39/source [39m[32m200[39m [90m72 ms - 10582[39m
[35m[HTTP][39m [90m[39m
[35m[HTTP][39m [37m-->[39m [37mGET[39m [37m/wd/hub/session/f08c453e-0301-4b3a-aca7-e9575ef25c39/screenshot[39m
[35m[HTTP][39m [90m{}[39m
[35m[HTTP][39m [37m<-- GET /wd/hub/session/f08c453e-0301-4b3a-aca7-e9575ef25c39/screenshot [39m[32m200[39m [90m723 ms - 353004[39m
[35m[HTTP][39m [90m[39m
[35m[HTTP][39m [37m-->[39m [37mGET[39m [37m/wd/hub/session/f08c453e-0301-4b3a-aca7-e9575ef25c39/context[39m
[35m[HTTP][39m [90m{}[39m
[35m[HTTP][39m [37m<-- GET /wd/hub/session/f08c453e-0301-4b3a-aca7-e9575ef25c39/context [39m[32m200[39m [90m2 ms - 22[39m
[35m[HTTP][39m [90m[39m
[35m[HTTP][39m [37m-->[39m [37mGET[39m [37m/wd/hub/session/f08c453e-0301-4b3a-aca7-e9575ef25c39/contexts[39m
[35m[HTTP][39m [90m{}[39m
[35m[HTTP][39m [37m<-- GET /wd/hub/session/f08c453e-0301-4b3a-aca7-e9575ef25c39/contexts [39m[32m200[39m [90m100 ms - 24[39m
[35m[HTTP][39m [90m[39m
[35m[HTTP][39m [37m-->[39m [37mPOST[39m [37m/wd/hub/session/f08c453e-0301-4b3a-aca7-e9575ef25c39/context[39m
[35m[HTTP][39m [90m{"name":"NATIVE_APP"}[39m
[35m[HTTP][39m [37m<-- POST /wd/hub/session/f08c453e-0301-4b3a-aca7-e9575ef25c39/context [39m[32m200[39m [90m3 ms - 14[39m
[35m[HTTP][39m [90m[39m
[35m[HTTP][39m [37m-->[39m [37mPOST[39m [37m/wd/hub/session/f08c453e-0301-4b3a-aca7-e9575ef25c39/appium/device/hide_keyboard[39m
[35m[HTTP][39m [90m{}[39m
[35m[ADB][39m Keyboard has no UI; no closing necessary
[35m[HTTP][39m [37m<-- POST /wd/hub/session/f08c453e-0301-4b3a-aca7-e9575ef25c39/appium/device/hide_keyboard [39m[32m200[39m [90m1148 ms - 15[39m
[35m[HTTP][39m [90m[39m
[35m[HTTP][39m [37m-->[39m [37mPOST[39m [37m/wd/hub/session/f08c453e-0301-4b3a-aca7-e9575ef25c39/context[39m
[35m[HTTP][39m [90m{"name":"NATIVE_APP"}[39m
[35m[HTTP][39m [37m<-- POST /wd/hub/session/f08c453e-0301-4b3a-aca7-e9575ef25c39/context [39m[32m200[39m [90m1 ms - 14[39m
[35m[HTTP][39m [90m[39m
[35m[HTTP][39m [37m-->[39m [37mGET[39m [37m/wd/hub/session/f08c453e-0301-4b3a-aca7-e9575ef25c39/source[39m
[35m[HTTP][39m [90m{}[39m
[35m[W3C (f08c453e)][39m Driver proxy active, passing request on via HTTP proxy
[35m[WD Proxy][39m Replacing sessionId 8add8375-ca21-48e5-adc5-4eda9b94a127 with f08c453e-0301-4b3a-aca7-e9575ef25c39
[35m[HTTP][39m [37m<-- GET /wd/hub/session/f08c453e-0301-4b3a-aca7-e9575ef25c39/source [39m[32m200[39m [90m95 ms - 14135[39m
[35m[HTTP][39m [90m[39m
[35m[HTTP][39m [37m-->[39m [37mGET[39m [37m/wd/hub/session/f08c453e-0301-4b3a-aca7-e9575ef25c39/screenshot[39m
[35m[HTTP][39m [90m{}[39m
[35m[HTTP][39m [37m<-- GET /wd/hub/session/f08c453e-0301-4b3a-aca7-e9575ef25c39/screenshot [39m[32m200[39m [90m702 ms - 359762[39m
[35m[HTTP][39m [90m[39m
[35m[HTTP][39m [37m-->[39m [37mPOST[39m [37m/wd/hub/session/f08c453e-0301-4b3a-aca7-e9575ef25c39/elements[39m
[35m[HTTP][39m [90m{"using":"xpath","value":"//*[@class = 'android.view.View' and @resource-id = '' and (@text = '' or . = '')]"}[39m
[35m[HTTP][39m [37m<-- POST /wd/hub/session/f08c453e-0301-4b3a-aca7-e9575ef25c39/elements [39m[32m200[39m [90m202 ms - 1931[39m
[35m[HTTP][39m [90m[39m
[35m[HTTP][39m [37m-->[39m [37mPOST[39m [37m/wd/hub/session/f08c453e-0301-4b3a-aca7-e9575ef25c39/elements[39m
[35m[HTTP][39m [90m{"using":"accessibility id","value":"Artikel"}[39m
[35m[HTTP][39m [37m<-- POST /wd/hub/session/f08c453e-0301-4b3a-aca7-e9575ef25c39/elements [39m[32m200[39m [90m44 ms - 139[39m
[35m[HTTP][39m [90m[39m
[35m[HTTP][39m [37m-->[39m [37mPOST[39m [37m/wd/hub/session/f08c453e-0301-4b3a-aca7-e9575ef25c39/elements[39m
[35m[HTTP][39m [90m{"using":"xpath","value":"//*[@class = 'android.view.View' and @resource-id = '' and (@text = '' or . = '')]"}[39m
[35m[HTTP][39m [37m<-- POST /wd/hub/session/f08c453e-0301-4b3a-aca7-e9575ef25c39/elements [39m[32m200[39m [90m217 ms - 1931[39m
[35m[HTTP][39m [90m[39m
[35m[HTTP][39m [37m-->[39m [37mPOST[39m [37m/wd/hub/session/f08c453e-0301-4b3a-aca7-e9575ef25c39/elements[39m
[35m[HTTP][39m [90m{"using":"accessibility id","value":"Artikel"}[39m
[35m[HTTP][39m [37m<-- POST /wd/hub/session/f08c453e-0301-4b3a-aca7-e9575ef25c39/elements [39m[32m200[39m [90m41 ms - 139[39m
[35m[HTTP][39m [90m[39m
[35m[HTTP][39m [37m-->[39m [37mGET[39m [37m/wd/hub/session/f08c453e-0301-4b3a-aca7-e9575ef25c39/source[39m
[35m[HTTP][39m [90m{}[39m
[35m[W3C (f08c453e)][39m Driver proxy active, passing request on via HTTP proxy
[35m[WD Proxy][39m Replacing sessionId 8add8375-ca21-48e5-adc5-4eda9b94a127 with f08c453e-0301-4b3a-aca7-e9575ef25c39
[35m[HTTP][39m [37m<-- GET /wd/hub/session/f08c453e-0301-4b3a-aca7-e9575ef25c39/source [39m[32m200[39m [90m416 ms - 14135[39m
[35m[HTTP][39m [90m[39m
[35m[HTTP][39m [37m-->[39m [37mGET[39m [37m/wd/hub/session/f08c453e-0301-4b3a-aca7-e9575ef25c39/screenshot[39m
[35m[HTTP][39m [90m{}[39m
[35m[HTTP][39m [37m<-- GET /wd/hub/session/f08c453e-0301-4b3a-aca7-e9575ef25c39/screenshot [39m[32m200[39m [90m683 ms - 359958[39m
[35m[HTTP][39m [90m[39m
[35m[HTTP][39m [37m-->[39m [37mDELETE[39m [37m/wd/hub/session/f08c453e-0301-4b3a-aca7-e9575ef25c39[39m
[35m[HTTP][39m [90m{}[39m
[35m[Appium][39m Removing session f08c453e-0301-4b3a-aca7-e9575ef25c39 from our master session list
[35m[UiAutomator2][39m Restoring hidden api policy to the device default configuration
[35m[HTTP][39m [37m<-- DELETE /wd/hub/session/f08c453e-0301-4b3a-aca7-e9575ef25c39 [39m[32m200[39m [90m440 ms - 14[39m
[35m[HTTP][39m [90m[39m
